0 info it worked if it ends with ok
1 verbose cli [ '/usr/local/bin/node', '/usr/local/bin/npm', '-g', 'install' ]
2 info using npm@1.4.14
3 info using node@v0.10.29
4 verbose cache add [ '.', null ]
5 verbose cache add name=undefined spec="." args=[".",null]
6 verbose parsed url { protocol: null,
6 verbose parsed url   slashes: null,
6 verbose parsed url   auth: null,
6 verbose parsed url   host: null,
6 verbose parsed url   port: null,
6 verbose parsed url   hostname: null,
6 verbose parsed url   hash: null,
6 verbose parsed url   search: null,
6 verbose parsed url   query: null,
6 verbose parsed url   pathname: '.',
6 verbose parsed url   path: '.',
6 verbose parsed url   href: '.' }
7 silly lockFile 3a52ce78- .
8 verbose lock . /root/.npm/3a52ce78-.lock
9 silly lockFile 3a52ce78- .
10 silly lockFile 3a52ce78- .
11 error addLocal Could not install .
12 error Error: No name provided
12 error     at needName (/usr/local/lib/node_modules/npm/lib/cache/add-local.js:138:37)
12 error     at /usr/local/lib/node_modules/npm/lib/cache/add-local.js:76:10
12 error     at /usr/local/lib/node_modules/npm/node_modules/read-package-json/read-json.js:51:40
12 error     at final (/usr/local/lib/node_modules/npm/node_modules/read-package-json/read-json.js:349:17)
12 error     at then (/usr/local/lib/node_modules/npm/node_modules/read-package-json/read-json.js:126:33)
12 error     at /usr/local/lib/node_modules/npm/node_modules/read-package-json/read-json.js:331:40
12 error     at fs.js:271:14
12 error     at /usr/local/lib/node_modules/npm/node_modules/graceful-fs/graceful-fs.js:105:5
12 error     at Object.oncomplete (fs.js:107:15)
13 error If you need help, you may report this *entire* log,
13 error including the npm and node versions, at:
13 error     <http://github.com/npm/npm/issues>
14 error System Linux 3.2.0-4-amd64
15 error command "/usr/local/bin/node" "/usr/local/bin/npm" "-g" "install"
16 error cwd /var/www/vhosts/jvicerom/yp.gg/httpdocs/yp.gg/www/laravel
17 error node -v v0.10.29
18 error npm -v 1.4.14
19 verbose exit [ 1, true ]
